[0307/095058:ERROR:process_reader_win.cc(232)] ReadMemory at 0xdb5000 of 45056 bytes failed: 仅完成部分的 ReadProcessMemory 或 WriteProcessMemory 请求。 (0x12B)
[0307/095058:ERROR:process_reader_win.cc(232)] ReadMemory at 0x6cd00000 of 64 bytes failed: 仅完成部分的 ReadProcessMemory 或 WriteProcessMemory 请求。 (0x12B)
[0307/095058:ERROR:crash_report_exception_handler.cc(102)] WriteEverything failed
[0307/095058:WARNING:pe_image_reader.cc(280)] could not read dos header from C:\WINDOWS\SYSTEM32\WKSCLI.DLL
[0307/095058:ERROR:process_reader_win.cc(232)] ReadMemory at 0x73580000 of 64 bytes failed: 仅完成部分的 ReadProcessMemory 或 WriteProcessMemory 请求。 (0x12B)
[0307/095058:WARNING:pe_image_reader.cc(280)] could not read dos header from C:\WINDOWS\SYSTEM32\NETUTILS.DLL
[0307/095058:ERROR:process_reader_win.cc(232)] ReadMemory at 0x5d7f0000 of 64 bytes failed: 仅完成部分的 ReadProcessMemory 或 WriteProcessMemory 请求。 (0x12B)
[0307/095058:WARNING:pe_image_reader.cc(280)] could not read dos header from C:\Program Files (x86)\360\360Safe\safemon\safemon.dll
[0307/095058:ERROR:process_reader_win.cc(232)] ReadMemory at 0x53440000 of 64 bytes failed: 仅完成部分的 ReadProcessMemory 或 WriteProcessMemory 请求。 (0x12B)
[0307/095058:WARNING:pe_image_reader.cc(280)] could not read dos header from C:\Program Files (x86)\360\360Safe\safemon\iNetSafe.dll
[0307/095058:ERROR:process_reader_win.cc(232)] ReadMemory at 0x68440000 of 64 bytes failed: 仅完成部分的 ReadProcessMemory 或 WriteProcessMemory 请求。 (0x12B)
[0307/095058:WARNING:pe_image_reader.cc(280)] could not read dos header from C:\WINDOWS\WinSxS\x86_microsoft.windows.common-controls_6595b64144ccf1df_6.0.14393.447_none_89c64d28dafea4b9\COMCTL32.dll
[0307/095058:ERROR:process_reader_win.cc(232)] ReadMemory at 0x73a10000 of 64 bytes failed: 仅完成部分的 ReadProcessMemory 或 WriteProcessMemory 请求。 (0x12B)
[0307/095058:WARNING:pe_image_reader.cc(280)] could not read dos header from C:\WINDOWS\SYSTEM32\IPHLPAPI.DLL
[0307/095058:ERROR:process_reader_win.cc(232)] ReadMemory at 0x736c0000 of 64 bytes failed: 仅完成部分的 ReadProcessMemory 或 WriteProcessMemory 请求。 (0x12B)
[0307/095058:WARNING:pe_image_reader.cc(280)] could not read dos header from C:\WINDOWS\SYSTEM32\Secur32.dll
[0307/095058:ERROR:scoped_process_suspend.cc(38)] NtResumeProcess, ntstatus=-1073741558
[0307/095058:ERROR:process_reader_win.cc(232)] ReadMemory at 0xfa20000 of 64 bytes failed: 仅完成部分的 ReadProcessMemory 或 WriteProcessMemory 请求。 (0x12B)
[0307/095058:WARNING:pe_image_reader.cc(280)] could not read dos header from C:\Program Files (x86)\Google\Chrome\Application\51.0.2704.106\chrome_child.dll
[0307/095058:ERROR:process_reader_win.cc(232)] ReadMemory at 0x5df50000 of 64 bytes failed: 仅完成部分的 ReadProcessMemory 或 WriteProcessMemory 请求。 (0x12B)
[0307/095058:WARNING:pe_image_reader.cc(280)] could not read dos header from C:\WINDOWS\SYSTEM32\dwrite.dll
[0307/095058:ERROR:process_reader_win.cc(232)] ReadMemory at 0x7c2000 of 57344 bytes failed: 仅完成部分的 ReadProcessMemory 或 WriteProcessMemory 请求。 (0x12B)
[0307/095058:ERROR:crash_report_exception_handler.cc(102)] WriteEverything failed
[0307/095058:ERROR:scoped_process_suspend.cc(38)] NtResumeProcess, ntstatus=-1073741558
[0307/095227:ERROR:process_reader_win.cc(98)] process 47360 not found
[0307/095227:ERROR:process_reader_win.cc(232)] ReadMemory at 0x390000 of 64 bytes failed: 仅完成部分的 ReadProcessMemory 或 WriteProcessMemory 请求。 (0x12B)
[0307/095227:WARNING:pe_image_reader.cc(280)] could not read dos header from C:\Program Files (x86)\Google\Chrome\Application\chrome.exe
[0307/095227:ERROR:process_reader_win.cc(232)] ReadMemory at 0x76760000 of 64 bytes failed: 仅完成部分的 ReadProcessMemory 或 WriteProcessMemory 请求。 (0x12B)
[0307/095227:WARNING:pe_image_reader.cc(280)] could not read dos header from C:\WINDOWS\System32\KERNELBASE.dll
[0307/095227:ERROR:process_reader_win.cc(232)] ReadMemory at 0x75f30000 of 64 bytes failed: 仅完成部分的 ReadProcessMemory 或 WriteProcessMemory 请求。 (0x12B)
[0307/095227:WARNING:pe_image_reader.cc(280)] could not read dos header from C:\WINDOWS\System32\KERNEL32.DLL
[0307/095227:ERROR:process_reader_win.cc(232)] ReadMemory at 0x521b0000 of 64 bytes failed: 仅完成部分的 ReadProcessMemory 或 WriteProcessMemory 请求。 (0x12B)
[0307/095227:WARNING:pe_image_reader.cc(280)] could not read dos header from C:\WINDOWS\AppPatch\AcGenral.dll
[0307/095227:ERROR:process_reader_win.cc(232)] ReadMemory at 0x77100000 of 64 bytes failed: 仅完成部分的 ReadProcessMemory 或 WriteProcessMemory 请求。 (0x12B)
[0307/095227:WARNING:pe_image_reader.cc(280)] could not read dos header from C:\WINDOWS\SYSTEM32\ntdll.dll
[0307/095227:ERROR:process_reader_win.cc(232)] ReadMemory at 0x5dd00000 of 64 bytes failed: 仅完成部分的 ReadProcessMemory 或 WriteProcessMemory 请求。 (0x12B)
[0307/095227:WARNING:pe_image_reader.cc(280)] could not read dos header from C:\WINDOWS\system32\apphelp.dll
[0307/095227:ERROR:process_reader_win.cc(232)] ReadMemory at 0x74390000 of 64 bytes failed: 仅完成部分的 ReadProcessMemory 或 WriteProcessMemory 请求。 (0x12B)
[0307/095227:WARNING:pe_image_reader.cc(280)] could not read dos header from C:\WINDOWS\System32\msvcrt.dll
[0307/095227:ERROR:process_reader_win.cc(232)] ReadMemory at 0x75de0000 of 64 bytes failed: 仅完成部分的 ReadProcessMemory 或 WriteProcessMemory 请求。 (0x12B)
[0307/095227:WARNING:pe_image_reader.cc(280)] could not read dos header from C:\WINDOWS\System32\bcryptPrimitives.dll
[0307/095227:ERROR:process_reader_win.cc(232)] ReadMemory at 0x73b90000 of 64 bytes failed: 仅完成部分的 ReadProcessMemory 或 WriteProcessMemory 请求。 (0x12B)
[0307/095227:WARNING:pe_image_reader.cc(280)] could not read dos header from C:\WINDOWS\System32\CRYPTBASE.dll
[0307/095227:ERROR:process_reader_win.cc(232)] ReadMemory at 0x73ba0000 of 64 bytes failed: 仅完成部分的 ReadProcessMemory 或 WriteProcessMemory 请求。 (0x12B)
[0307/095227:WARNING:pe_image_reader.cc(280)] could not read dos header from C:\WINDOWS\System32\SspiCli.dll
[0307/095227:ERROR:process_reader_win.cc(232)] ReadMemory at 0x76d00000 of 64 bytes failed: 仅完成部分的 ReadProcessMemory 或 WriteProcessMemory 请求。 (0x12B)
[0307/095227:WARNING:pe_image_reader.cc(280)] could not read dos header from C:\WINDOWS\System32\RPCRT4.dll
[0307/095227:ERROR:process_reader_win.cc(232)] ReadMemory at 0x75d80000 of 64 bytes failed: 仅完成部分的 ReadProcessMemory 或 WriteProcessMemory 请求。 (0x12B)
[0307/095227:WARNING:pe_image_reader.cc(280)] could not read dos header from C:\WINDOWS\System32\sechost.dll
[0307/095227:ERROR:process_reader_win.cc(232)] ReadMemory at 0x76010000 of 64 bytes failed: 仅完成部分的 ReadProcessMemory 或 WriteProcessMemory 请求。 (0x12B)
[0307/095227:WARNING:pe_image_reader.cc(280)] could not read dos header from C:\WINDOWS\System32\ucrtbase.dll
[0307/095227:ERROR:process_reader_win.cc(232)] ReadMemory at 0x73bf0000 of 64 bytes failed: 仅完成部分的 ReadProcessMemory 或 WriteProcessMemory 请求。 (0x12B)
[0307/095227:WARNING:pe_image_reader.cc(280)] could not read dos header from C:\WINDOWS\System32\combase.dll
[0307/095227:ERROR:process_reader_win.cc(232)] ReadMemory at 0x75f10000 of 64 bytes failed: 仅完成部分的 ReadProcessMemory 或 WriteProcessMemory 请求。 (0x12B)
[0307/095227:WARNING:pe_image_reader.cc(280)] could not read dos header from C:\WINDOWS\System32\win32u.dll
[0307/095227:ERROR:process_reader_win.cc(232)] ReadMemory at 0x76fa0000 of 64 bytes failed: 仅完成部分的 ReadProcessMemory 或 WriteProcessMemory 请求。 (0x12B)
[0307/095227:WARNING:pe_image_reader.cc(280)] could not read dos header from C:\WINDOWS\System32\USER32.dll
[0307/095227:ERROR:process_reader_win.cc(232)] ReadMemory at 0x74450000 of 64 bytes failed: 仅完成部分的 ReadProcessMemory 或 WriteProcessMemory 请求。 (0x12B)
[0307/095227:WARNING:pe_image_reader.cc(280)] could not read dos header from C:\WINDOWS\System32\gdi32full.dll
[0307/095227:ERROR:process_reader_win.cc(232)] ReadMemory at 0x73bc0000 of 64 bytes failed: 仅完成部分的 ReadProcessMemory 或 WriteProcessMemory 请求。 (0x12B)
[0307/095227:WARNING:pe_image_reader.cc(280)] could not read dos header from C:\WINDOWS\System32\GDI32.dll
[0307/095227:ERROR:process_reader_win.cc(232)] ReadMemory at 0x76bf0000 of 64 bytes failed: 仅完成部分的 ReadProcessMemory 或 WriteProcessMemory 请求。 (0x12B)
[0307/095227:WARNING:pe_image_reader.cc(280)] could not read dos header from C:\WINDOWS\System32\IMM32.DLL
[0307/095227:ERROR:process_reader_win.cc(232)] ReadMemory at 0x76dd0000 of 64 bytes failed: 仅完成部分的 ReadProcessMemory 或 WriteProcessMemory 请求。 (0x12B)
[0307/095227:WARNING:pe_image_reader.cc(280)] could not read dos header from C:\WINDOWS\System32\SHLWAPI.dll
[0307/095227:ERROR:process_reader_win.cc(232)] ReadMemory at 0x6eb80000 of 64 bytes failed: 仅完成部分的 ReadProcessMemory 或 WriteProcessMemory 请求。 (0x12B)
[0307/095227:WARNING:pe_image_reader.cc(280)] could not read dos header from C:\WINDOWS\SYSTEM32\UxTheme.dll
[0307/095227:ERROR:process_reader_win.cc(232)] ReadMemory at 0x769b0000 of 64 bytes failed: 仅完成部分的 ReadProcessMemory 或 WriteProcessMemory 请求。 (0x12B)
[0307/095227:WARNING:pe_image_reader.cc(280)] could not read dos header from C:\WINDOWS\System32\cfgmgr32.dll
[0307/095227:ERROR:process_reader_win.cc(232)] ReadMemory at 0x73710000 of 64 bytes failed: 仅完成部分的 ReadProcessMemory 或 WriteProcessMemory 请求。 (0x12B)
[0307/095227:WARNING:pe_image_reader.cc(280)] could not read dos header from C:\WINDOWS\SYSTEM32\WINMMBASE.dll
[0307/095227:ERROR:process_reader_win.cc(232)] ReadMemory at 0x73740000 of 64 bytes failed: 仅完成部分的 ReadProcessMemory 或 WriteProcessMemory 请求。 (0x12B)
[0307/095227:WARNING:pe_image_reader.cc(280)] could not read dos header from C:\WINDOWS\SYSTEM32\WINMM.dll
[0307/095227:ERROR:process_reader_win.cc(232)] ReadMemory at 0x73590000 of 64 bytes failed: 仅完成部分的 ReadProcessMemory 或 WriteProcessMemory 请求。 (0x12B)
[0307/095227:WARNING:pe_image_reader.cc(280)] could not read dos header from C:\WINDOWS\SYSTEM32\samcli.dll
[0307/095227:ERROR:process_reader_win.cc(232)] ReadMemory at 0x74660000 of 64 bytes failed: 仅完成部分的 ReadProcessMemory 或 WriteProcessMemory 请求。 (0x12B)
[0307/095227:WARNING:pe_image_reader.cc(280)] could not read dos header from C:\WINDOWS\System32\ole32.dll
[0307/095227:ERROR:process_reader_win.cc(232)] ReadMemory at 0x75e90000 of 64 bytes failed: 仅完成部分的 ReadProcessMemory 或 WriteProcessMemory 请求。 (0x12B)
[0307/095227:WARNING:pe_image_reader.cc(280)] could not read dos header from C:\WINDOWS\System32\msvcp_win.dll
[0307/095227:ERROR:process_reader_win.cc(232)] ReadMemory at 0x74750000 of 64 bytes failed: 仅完成部分的 ReadProcessMemory 或 WriteProcessMemory 请求。 (0x12B)
[0307/095227:WARNING:pe_image_reader.cc(280)] could not read dos header from C:\WINDOWS\System32\OLEAUT32.dll
[0307/095227:ERROR:process_reader_win.cc(232)] ReadMemory at 0x76ae0000 of 64 bytes failed: 仅完成部分的 ReadProcessMemory 或 WriteProcessMemory 请求。 (0x12B)
[0307/095227:WARNING:pe_image_reader.cc(280)] could not read dos header from C:\WINDOWS\System32\advapi32.dll
[0307/095227:ERROR:process_reader_win.cc(232)] ReadMemory at 0x69780000 of 64 bytes failed: 仅完成部分的 ReadProcessMemory 或 WriteProcessMemory 请求。 (0x12B)
[0307/095227:WARNING:pe_image_reader.cc(280)] could not read dos header from C:\WINDOWS\SYSTEM32\MSACM32.dll
[0307/095227:ERROR:process_reader_win.cc(232)] ReadMemory at 0x73b80000 of 64 bytes failed: 仅完成部分的 ReadProcessMemory 或 WriteProcessMemory 请求。 (0x12B)
[0307/095227:WARNING:pe_image_reader.cc(280)] could not read dos header from C:\WINDOWS\SYSTEM32\VERSION.dll
[0307/095227:ERROR:process_reader_win.cc(232)] ReadMemory at 0x75e40000 of 64 bytes failed: 仅完成部分的 ReadProcessMemory 或 WriteProcessMemory 请求。 (0x12B)
[0307/095227:WARNING:pe_image_reader.cc(280)] could not read dos header from C:\WINDOWS\System32\powrprof.dll
[0307/095227:ERROR:process_reader_win.cc(232)] ReadMemory at 0x76c80000 of 64 bytes failed: 仅完成部分的 ReadProcessMemory 或 WriteProcessMemory 请求。 (0x12B)
[0307/095227:WARNING:pe_image_reader.cc(280)] could not read dos header from C:\WINDOWS\System32\kernel.appcore.dll
[0307/095227:ERROR:process_reader_win.cc(232)] ReadMemory at 0x76920000 of 64 bytes failed: 仅完成部分的 ReadProcessMemory 或 WriteProcessMemory 请求。 (0x12B)
[0307/095227:WARNING:pe_image_reader.cc(280)] could not read dos header from C:\WINDOWS\System32\shcore.dll
[0307/095227:ERROR:process_reader_win.cc(232)] ReadMemory at 0x76910000 of 64 bytes failed: 仅完成部分的 ReadProcessMemory 或 WriteProcessMemory 请求。 (0x12B)
[0307/095227:WARNING:pe_image_reader.cc(280)] could not read dos header from C:\WINDOWS\System32\profapi.dll
[0307/095227:ERROR:process_reader_win.cc(232)] ReadMemory at 0x760f0000 of 64 bytes failed: 仅完成部分的 ReadProcessMemory 或 WriteProcessMemory 请求。 (0x12B)
[0307/095227:WARNING:pe_image_reader.cc(280)] could not read dos header from C:\WINDOWS\System32\windows.storage.dll
[0307/095227:ERROR:process_reader_win.cc(232)] ReadMemory at 0x74800000 of 64 bytes failed: 仅完成部分的 ReadProcessMemory 或 WriteProcessMemory 请求。 (0x12B)
[0307/095227:WARNING:pe_image_reader.cc(280)] could not read dos header from C:\WINDOWS\System32\SHELL32.dll
[0307/095227:ERROR:process_reader_win.cc(232)] ReadMemory at 0x73b50000 of 64 bytes failed: 仅完成部分的 ReadProcessMemory 或 WriteProcessMemory 请求。 (0x12B)
[0307/095227:WARNING:pe_image_reader.cc(280)] could not read dos header from C:\WINDOWS\SYSTEM32\USERENV.dll
[0307/095227:ERROR:process_reader_win.cc(232)] ReadMemory at 0x6eb60000 of 64 bytes failed: 仅完成部分的 ReadProcessMemory 或 WriteProcessMemory 请求。 (0x12B)
[0307/095227:WARNING:pe_image_reader.cc(280)] could not read dos header from C:\WINDOWS\SYSTEM32\dwmapi.dll
[0307/095227:ERROR:process_reader_win.cc(232)] ReadMemory at 0x69390000 of 64 bytes failed: 仅完成部分的 ReadProcessMemory 或 WriteProcessMemory 请求。 (0x12B)
[0307/095227:WARNING:pe_image_reader.cc(280)] could not read dos header from C:\WINDOWS\SYSTEM32\iertutil.dll
[0307/095227:ERROR:process_reader_win.cc(232)] ReadMemory at 0x691f0000 of 64 bytes failed: 仅完成部分的 ReadProcessMemory 或 WriteProcessMemory 请求。 (0x12B)
[0307/095227:WARNING:pe_image_reader.cc(280)] could not read dos header from C:\WINDOWS\SYSTEM32\urlmon.dll
[0307/095227:ERROR:process_reader_win.cc(232)] ReadMemory at 0x6ecb0000 of 64 bytes failed: 仅完成部分的 ReadProcessMemory 或 WriteProcessMemory 请求。 (0x12B)
[0307/095227:WARNING:pe_image_reader.cc(280)] could not read dos header from C:\WINDOWS\SYSTEM32\bcrypt.dll
[0307/095227:ERROR:process_reader_win.cc(232)] ReadMemory at 0x6a650000 of 64 bytes failed: 仅完成部分的 ReadProcessMemory 或 WriteProcessMemory 请求。 (0x12B)
[0307/095227:WARNING:pe_image_reader.cc(280)] could not read dos header from C:\WINDOWS\SYSTEM32\WINSPOOL.DRV
[0307/095227:ERROR:process_reader_win.cc(232)] ReadMemory at 0x6f930000 of 64 bytes failed: 仅完成部分的 ReadProcessMemory 或 WriteProcessMemory 请求。 (0x12B)
[0307/095227:WARNING:pe_image_reader.cc(280)] could not read dos header from C:\WINDOWS\SYSTEM32\MPR.dll
[0307/095227:ERROR:process_reader_win.cc(232)] ReadMemory at 0x584e0000 of 64 bytes failed: 仅完成部分的 ReadProcessMemory 或 WriteProcessMemory 请求。 (0x12B)
[0307/095227:WARNING:pe_image_reader.cc(280)] could not read dos header from C:\Program Files (x86)\Google\Chrome\Application\51.0.2704.106\chrome_elf.dll
[0307/095227:ERROR:process_reader_win.cc(232)] ReadMemory at 0x73b70000 of 64 bytes failed: 仅完成部分的 ReadProcessMemory 或 WriteProcessMemory 请求。 (0x12B)
[0307/095227:WARNING:pe_image_reader.cc(280)] could not read dos header from C:\WINDOWS\SYSTEM32\WTSAPI32.dll
[0307/095227:ERROR:process_reader_win.cc(232)] ReadMemory at 0x720a0000 of 64 bytes failed: 仅完成部分的 ReadProcessMemory 或 WriteProcessMemory 请求。 (0x12B)
[0307/095227:WARNING:pe_image_reader.cc(280)] could not read dos header from C:\WINDOWS\SYSTEM32\WINHTTP.dll
[0307/095227:ERROR:process_reader_win.cc(232)] ReadMemory at 0x52160000 of 64 bytes failed: 仅完成部分的 ReadProcessMemory 或 WriteProcessMemory 请求。 (0x12B)
[0307/095227:WARNING:pe_image_reader.cc(280)] could not read dos header from C:\WINDOWS\SYSTEM32\ninput.dll
[0307/095227:ERROR:process_reader_win.cc(232)] ReadMemory at 0x74650000 of 64 bytes failed: 仅完成部分的 ReadProcessMemory 或 WriteProcessMemory 请求。 (0x12B)
[0307/095227:WARNING:pe_image_reader.cc(280)] could not read dos header from C:\WINDOWS\System32\PSAPI.DLL
[0307/095227:ERROR:process_reader_win.cc(232)] ReadMemory at 0x76c90000 of 64 bytes failed: 仅完成部分的 ReadProcessMemory 或 WriteProcessMemory 请求。 (0x12B)
[0307/095227:WARNING:pe_image_reader.cc(280)] could not read dos header from C:\WINDOWS\System32\WS2_32.dll
[0307/095227:ERROR:process_reader_win.cc(232)] ReadMemory at 0x73a40000 of 64 bytes failed: 仅完成部分的 ReadProcessMemory 或 WriteProcessMemory 请求。 (0x12B)
[0307/095227:WARNING:pe_image_reader.cc(280)] could not read dos header from C:\WINDOWS\SYSTEM32\NETAPI32.dll
[0307/095227:ERROR:process_reader_win.cc(232)] ReadMemory at 0x6cd00000 of 64 bytes failed: 仅完成部分的 ReadProcessMemory 或 WriteProcessMemory 请求。 (0x12B)
[0307/095227:WARNING:pe_image_reader.cc(280)] could not read dos header from C:\WINDOWS\SYSTEM32\WKSCLI.DLL
[0307/095227:ERROR:process_reader_win.cc(232)] ReadMemory at 0x73580000 of 64 bytes failed: 仅完成部分的 ReadProcessMemory 或 WriteProcessMemory 请求。 (0x12B)
[0307/095227:WARNING:pe_image_reader.cc(280)] could not read dos header from C:\WINDOWS\SYSTEM32\NETUTILS.DLL
[0307/095227:ERROR:process_reader_win.cc(232)] ReadMemory at 0x5d7f0000 of 64 bytes failed: 仅完成部分的 ReadProcessMemory 或 WriteProcessMemory 请求。 (0x12B)
[0307/095227:WARNING:pe_image_reader.cc(280)] could not read dos header from C:\Program Files (x86)\360\360Safe\safemon\safemon.dll
[0307/095227:ERROR:process_reader_win.cc(232)] ReadMemory at 0x53440000 of 64 bytes failed: 仅完成部分的 ReadProcessMemory 或 WriteProcessMemory 请求。 (0x12B)
[0307/095227:WARNING:pe_image_reader.cc(280)] could not read dos header from C:\Program Files (x86)\360\360Safe\safemon\iNetSafe.dll
[0307/095227:ERROR:process_reader_win.cc(232)] ReadMemory at 0x68440000 of 64 bytes failed: 仅完成部分的 ReadProcessMemory 或 WriteProcessMemory 请求。 (0x12B)
[0307/095227:WARNING:pe_image_reader.cc(280)] could not read dos header from C:\WINDOWS\WinSxS\x86_microsoft.windows.common-controls_6595b64144ccf1df_6.0.14393.447_none_89c64d28dafea4b9\COMCTL32.dll
[0307/095227:ERROR:process_reader_win.cc(232)] ReadMemory at 0x769f0000 of 64 bytes failed: 仅完成部分的 ReadProcessMemory 或 WriteProcessMemory 请求。 (0x12B)
[0307/095227:WARNING:pe_image_reader.cc(280)] could not read dos header from C:\WINDOWS\System32\COMDLG32.dll
[0307/095227:ERROR:process_reader_win.cc(232)] ReadMemory at 0x73a10000 of 64 bytes failed: 仅完成部分的 ReadProcessMemory 或 WriteProcessMemory 请求。 (0x12B)
[0307/095227:WARNING:pe_image_reader.cc(280)] could not read dos header from C:\WINDOWS\SYSTEM32\IPHLPAPI.DLL
[0307/095227:ERROR:process_reader_win.cc(232)] ReadMemory at 0x76bb0000 of 64 bytes failed: 仅完成部分的 ReadProcessMemory 或 WriteProcessMemory 请求。 (0x12B)
[0307/095227:WARNING:pe_image_reader.cc(280)] could not read dos header from C:\WINDOWS\System32\USP10.dll
[0307/095227:ERROR:process_reader_win.cc(232)] ReadMemory at 0x75dd0000 of 64 bytes failed: 仅完成部分的 ReadProcessMemory 或 WriteProcessMemory 请求。 (0x12B)
[0307/095227:WARNING:pe_image_reader.cc(280)] could not read dos header from C:\WINDOWS\System32\MSASN1.dll
[0307/095227:ERROR:process_reader_win.cc(232)] ReadMemory at 0x76e20000 of 64 bytes failed: 仅完成部分的 ReadProcessMemory 或 WriteProcessMemory 请求。 (0x12B)
[0307/095227:WARNING:pe_image_reader.cc(280)] could not read dos header from C:\WINDOWS\System32\CRYPT32.dll
[0307/095227:ERROR:process_reader_win.cc(232)] ReadMemory at 0x76b60000 of 64 bytes failed: 仅完成部分的 ReadProcessMemory 或 WriteProcessMemory 请求。 (0x12B)
[0307/095227:WARNING:pe_image_reader.cc(280)] could not read dos header from C:\WINDOWS\System32\WINTRUST.dll
[0307/095227:ERROR:process_reader_win.cc(232)] ReadMemory at 0x736c0000 of 64 bytes failed: 仅完成部分的 ReadProcessMemory 或 WriteProcessMemory 请求。 (0x12B)
[0307/095227:WARNING:pe_image_reader.cc(280)] could not read dos header from C:\WINDOWS\SYSTEM32\Secur32.dll
[0307/095227:ERROR:process_reader_win.cc(232)] ReadMemory at 0xf660000 of 64 bytes failed: 仅完成部分的 ReadProcessMemory 或 WriteProcessMemory 请求。 (0x12B)
[0307/095227:WARNING:pe_image_reader.cc(280)] could not read dos header from C:\Program Files (x86)\Google\Chrome\Application\51.0.2704.106\chrome_child.dll
[0307/095227:ERROR:process_reader_win.cc(232)] ReadMemory at 0x5df50000 of 64 bytes failed: 仅完成部分的 ReadProcessMemory 或 WriteProcessMemory 请求。 (0x12B)
[0307/095227:WARNING:pe_image_reader.cc(280)] could not read dos header from C:\WINDOWS\SYSTEM32\dwrite.dll
[0307/095227:ERROR:process_reader_win.cc(232)] ReadMemory at 0x44c374 of 12 bytes failed: 仅完成部分的 ReadProcessMemory 或 WriteProcessMemory 请求。 (0x12B)
[0307/095227:WARNING:process_snapshot_win.cc(102)] ReadMemory ExceptionInformation failed
[0307/095227:WARNING:crash_report_exception_handler.cc(60)] ProcessSnapshotWin::InitializeException failed
[0307/095227:ERROR:scoped_process_suspend.cc(38)] NtResumeProcess, ntstatus=-1073741558
[0307/095241:ERROR:process_reader_win.cc(141)] SuspendThread: 拒绝访问。 (0x5)
[0307/095241:ERROR:process_reader_win.cc(232)] ReadMemory at 0x521b0000 of 64 bytes failed: 仅完成部分的 ReadProcessMemory 或 WriteProcessMemory 请求。 (0x12B)
[0307/095241:WARNING:pe_image_reader.cc(280)] could not read dos header from C:\WINDOWS\AppPatch\AcGenral.dll
[0307/095241:ERROR:process_reader_win.cc(232)] ReadMemory at 0x5dd00000 of 64 bytes failed: 仅完成部分的 ReadProcessMemory 或 WriteProcessMemory 请求。 (0x12B)
[0307/095241:WARNING:pe_image_reader.cc(280)] could not read dos header from C:\WINDOWS\system32\apphelp.dll
[0307/095241:ERROR:process_reader_win.cc(232)] ReadMemory at 0x74390000 of 64 bytes failed: 仅完成部分的 ReadProcessMemory 或 WriteProcessMemory 请求。 (0x12B)
[0307/095241:WARNING:pe_image_reader.cc(280)] could not read dos header from C:\WINDOWS\System32\msvcrt.dll
[0307/095241:ERROR:process_reader_win.cc(232)] ReadMemory at 0x75de0000 of 64 bytes failed: 仅完成部分的 ReadProcessMemory 或 WriteProcessMemory 请求。 (0x12B)
[0307/095241:WARNING:pe_image_reader.cc(280)] could not read dos header from C:\WINDOWS\System32\bcryptPrimitives.dll
[0307/095241:ERROR:process_reader_win.cc(232)] ReadMemory at 0x73b90000 of 64 bytes failed: 仅完成部分的 ReadProcessMemory 或 WriteProcessMemory 请求。 (0x12B)
[0307/095241:WARNING:pe_image_reader.cc(280)] could not read dos header from C:\WINDOWS\System32\CRYPTBASE.dll
[0307/095241:ERROR:process_reader_win.cc(232)] ReadMemory at 0x73ba0000 of 64 bytes failed: 仅完成部分的 ReadProcessMemory 或 WriteProcessMemory 请求。 (0x12B)
[0307/095241:WARNING:pe_image_reader.cc(280)] could not read dos header from C:\WINDOWS\System32\SspiCli.dll
[0307/095241:ERROR:process_reader_win.cc(232)] ReadMemory at 0x75d80000 of 64 bytes failed: 仅完成部分的 ReadProcessMemory 或 WriteProcessMemory 请求。 (0x12B)
[0307/095241:WARNING:pe_image_reader.cc(280)] could not read dos header from C:\WINDOWS\System32\sechost.dll
[0307/095241:ERROR:process_reader_win.cc(232)] ReadMemory at 0x76010000 of 64 bytes failed: 仅完成部分的 ReadProcessMemory 或 WriteProcessMemory 请求。 (0x12B)
[0307/095241:WARNING:pe_image_reader.cc(280)] could not read dos header from C:\WINDOWS\System32\ucrtbase.dll
[0307/095241:ERROR:process_reader_win.cc(232)] ReadMemory at 0x73bf0000 of 64 bytes failed: 仅完成部分的 ReadProcessMemory 或 WriteProcessMemory 请求。 (0x12B)
[0307/095241:WARNING:pe_image_reader.cc(280)] could not read dos header from C:\WINDOWS\System32\combase.dll
[0307/095241:ERROR:process_reader_win.cc(232)] ReadMemory at 0x75f10000 of 64 bytes failed: 仅完成部分的 ReadProcessMemory 或 WriteProcessMemory 请求。 (0x12B)
[0307/095241:WARNING:pe_image_reader.cc(280)] could not read dos header from C:\WINDOWS\System32\win32u.dll
[0307/095241:ERROR:process_reader_win.cc(232)] ReadMemory at 0x76fa0000 of 64 bytes failed: 仅完成部分的 ReadProcessMemory 或 WriteProcessMemory 请求。 (0x12B)
[0307/095241:WARNING:pe_image_reader.cc(280)] could not read dos header from C:\WINDOWS\System32\USER32.dll
[0307/095241:ERROR:process_reader_win.cc(232)] ReadMemory at 0x74450000 of 64 bytes failed: 仅完成部分的 ReadProcessMemory 或 WriteProcessMemory 请求。 (0x12B)
[0307/095241:WARNING:pe_image_reader.cc(280)] could not read dos header from C:\WINDOWS\System32\gdi32full.dll
[0307/095241:ERROR:process_reader_win.cc(232)] ReadMemory at 0x73bc0000 of 64 bytes failed: 仅完成部分的 ReadProcessMemory 或 WriteProcessMemory 请求。 (0x12B)
[0307/095241:WARNING:pe_image_reader.cc(280)] could not read dos header from C:\WINDOWS\System32\GDI32.dll
[0307/095241:ERROR:process_reader_win.cc(232)] ReadMemory at 0x76bf0000 of 64 bytes failed: 仅完成部分的 ReadProcessMemory 或 WriteProcessMemory 请求。 (0x12B)
[0307/095241:WARNING:pe_image_reader.cc(280)] could not read dos header from C:\WINDOWS\System32\IMM32.DLL
[0307/095241:ERROR:process_reader_win.cc(232)] ReadMemory at 0x76dd0000 of 64 bytes failed: 仅完成部分的 ReadProcessMemory 或 WriteProcessMemory 请求。 (0x12B)
[0307/095241:WARNING:pe_image_reader.cc(280)] could not read dos header from C:\WINDOWS\System32\SHLWAPI.dll
[0307/095241:ERROR:process_reader_win.cc(232)] ReadMemory at 0x6eb80000 of 64 bytes failed: 仅完成部分的 ReadProcessMemory 或 WriteProcessMemory 请求。 (0x12B)
[0307/095241:WARNING:pe_image_reader.cc(280)] could not read dos header from C:\WINDOWS\SYSTEM32\UxTheme.dll
[0307/095241:ERROR:process_reader_win.cc(232)] ReadMemory at 0x769b0000 of 64 bytes failed: 仅完成部分的 ReadProcessMemory 或 WriteProcessMemory 请求。 (0x12B)
[0307/095241:WARNING:pe_image_reader.cc(280)] could not read dos header from C:\WINDOWS\System32\cfgmgr32.dll
[0307/095241:ERROR:process_reader_win.cc(232)] ReadMemory at 0x73710000 of 64 bytes failed: 仅完成部分的 ReadProcessMemory 或 WriteProcessMemory 请求。 (0x12B)
[0307/095241:WARNING:pe_image_reader.cc(280)] could not read dos header from C:\WINDOWS\SYSTEM32\WINMMBASE.dll
[0307/095241:ERROR:process_reader_win.cc(232)] ReadMemory at 0x73740000 of 64 bytes failed: 仅完成部分的 ReadProcessMemory 或 WriteProcessMemory 请求。 (0x12B)
[0307/095241:WARNING:pe_image_reader.cc(280)] could not read dos header from C:\WINDOWS\SYSTEM32\WINMM.dll
[0307/095241:ERROR:process_reader_win.cc(232)] ReadMemory at 0x73590000 of 64 bytes failed: 仅完成部分的 ReadProcessMemory 或 WriteProcessMemory 请求。 (0x12B)
[0307/095241:WARNING:pe_image_reader.cc(280)] could not read dos header from C:\WINDOWS\SYSTEM32\samcli.dll
[0307/095241:ERROR:process_reader_win.cc(232)] ReadMemory at 0x74660000 of 64 bytes failed: 仅完成部分的 ReadProcessMemory 或 WriteProcessMemory 请求。 (0x12B)
[0307/095241:WARNING:pe_image_reader.cc(280)] could not read dos header from C:\WINDOWS\System32\ole32.dll
[0307/095241:ERROR:process_reader_win.cc(232)] ReadMemory at 0x75e90000 of 64 bytes failed: 仅完成部分的 ReadProcessMemory 或 WriteProcessMemory 请求。 (0x12B)
[0307/095241:WARNING:pe_image_reader.cc(280)] could not read dos header from C:\WINDOWS\System32\msvcp_win.dll
[0307/095241:ERROR:process_reader_win.cc(232)] ReadMemory at 0x74750000 of 64 bytes failed: 仅完成部分的 ReadProcessMemory 或 WriteProcessMemory 请求。 (0x12B)
[0307/095241:WARNING:pe_image_reader.cc(280)] could not read dos header from C:\WINDOWS\System32\OLEAUT32.dll
[0307/095241:ERROR:process_reader_win.cc(232)] ReadMemory at 0x76ae0000 of 64 bytes failed: 仅完成部分的 ReadProcessMemory 或 WriteProcessMemory 请求。 (0x12B)
[0307/095241:WARNING:pe_image_reader.cc(280)] could not read dos header from C:\WINDOWS\System32\advapi32.dll
[0307/095241:ERROR:process_reader_win.cc(232)] ReadMemory at 0x69780000 of 64 bytes failed: 仅完成部分的 ReadProcessMemory 或 WriteProcessMemory 请求。 (0x12B)
[0307/095241:WARNING:pe_image_reader.cc(280)] could not read dos header from C:\WINDOWS\SYSTEM32\MSACM32.dll
[0307/095241:ERROR:process_reader_win.cc(232)] ReadMemory at 0x73b80000 of 64 bytes failed: 仅完成部分的 ReadProcessMemory 或 WriteProcessMemory 请求。 (0x12B)
[0307/095241:WARNING:pe_image_reader.cc(280)] could not read dos header from C:\WINDOWS\SYSTEM32\VERSION.dll
[0307/095241:ERROR:process_reader_win.cc(232)] ReadMemory at 0x75e40000 of 64 bytes failed: 仅完成部分的 ReadProcessMemory 或 WriteProcessMemory 请求。 (0x12B)
[0307/095241:WARNING:pe_image_reader.cc(280)] could not read dos header from C:\WINDOWS\System32\powrprof.dll
[0307/095241:ERROR:process_reader_win.cc(232)] ReadMemory at 0x76c80000 of 64 bytes failed: 仅完成部分的 ReadProcessMemory 或 WriteProcessMemory 请求。 (0x12B)
[0307/095241:WARNING:pe_image_reader.cc(280)] could not read dos header from C:\WINDOWS\System32\kernel.appcore.dll
[0307/095241:ERROR:process_reader_win.cc(232)] ReadMemory at 0x76920000 of 64 bytes failed: 仅完成部分的 ReadProcessMemory 或 WriteProcessMemory 请求。 (0x12B)
[0307/095241:WARNING:pe_image_reader.cc(280)] could not read dos header from C:\WINDOWS\System32\shcore.dll
[0307/095241:ERROR:process_reader_win.cc(232)] ReadMemory at 0x76910000 of 64 bytes failed: 仅完成部分的 ReadProcessMemory 或 WriteProcessMemory 请求。 (0x12B)
[0307/095241:WARNING:pe_image_reader.cc(280)] could not read dos header from C:\WINDOWS\System32\profapi.dll
[0307/095241:ERROR:process_reader_win.cc(232)] ReadMemory at 0x760f0000 of 64 bytes failed: 仅完成部分的 ReadProcessMemory 或 WriteProcessMemory 请求。 (0x12B)
[0307/095241:WARNING:pe_image_reader.cc(280)] could not read dos header from C:\WINDOWS\System32\windows.storage.dll
[0307/095241:ERROR:process_reader_win.cc(232)] ReadMemory at 0x74800000 of 64 bytes failed: 仅完成部分的 ReadProcessMemory 或 WriteProcessMemory 请求。 (0x12B)
[0307/095241:WARNING:pe_image_reader.cc(280)] could not read dos header from C:\WINDOWS\System32\SHELL32.dll
[0307/095241:ERROR:process_reader_win.cc(232)] ReadMemory at 0x73b50000 of 64 bytes failed: 仅完成部分的 ReadProcessMemory 或 WriteProcessMemory 请求。 (0x12B)
[0307/095241:WARNING:pe_image_reader.cc(280)] could not read dos header from C:\WINDOWS\SYSTEM32\USERENV.dll
[0307/095241:ERROR:process_reader_win.cc(232)] ReadMemory at 0x6eb60000 of 64 bytes failed: 仅完成部分的 ReadProcessMemory 或 WriteProcessMemory 请求。 (0x12B)
[0307/095241:WARNING:pe_image_reader.cc(280)] could not read dos header from C:\WINDOWS\SYSTEM32\dwmapi.dll
[0307/095241:ERROR:process_reader_win.cc(232)] ReadMemory at 0x69390000 of 64 bytes failed: 仅完成部分的 ReadProcessMemory 或 WriteProcessMemory 请求。 (0x12B)
[0307/095241:WARNING:pe_image_reader.cc(280)] could not read dos header from C:\WINDOWS\SYSTEM32\iertutil.dll
[0307/095241:ERROR:process_reader_win.cc(232)] ReadMemory at 0x691f0000 of 64 bytes failed: 仅完成部分的 ReadProcessMemory 或 WriteProcessMemory 请求。 (0x12B)
[0307/095241:WARNING:pe_image_reader.cc(280)] could not read dos header from C:\WINDOWS\SYSTEM32\urlmon.dll
[0307/095241:ERROR:process_reader_win.cc(232)] ReadMemory at 0x6ecb0000 of 64 bytes failed: 仅完成部分的 ReadProcessMemory 或 WriteProcessMemory 请求。 (0x12B)
[0307/095241:WARNING:pe_image_reader.cc(280)] could not read dos header from C:\WINDOWS\SYSTEM32\bcrypt.dll
[0307/095241:ERROR:process_reader_win.cc(232)] ReadMemory at 0x6a650000 of 64 bytes failed: 仅完成部分的 ReadProcessMemory 或 WriteProcessMemory 请求。 (0x12B)
[0307/095241:WARNING:pe_image_reader.cc(280)] could not read dos header from C:\WINDOWS\SYSTEM32\WINSPOOL.DRV
[0307/095241:ERROR:process_reader_win.cc(232)] ReadMemory at 0x6f930000 of 64 bytes failed: 仅完成部分的 ReadProcessMemory 或 WriteProcessMemory 请求。 (0x12B)
[0307/095241:WARNING:pe_image_reader.cc(280)] could not read dos header from C:\WINDOWS\SYSTEM32\MPR.dll
[0307/095241:ERROR:process_reader_win.cc(232)] ReadMemory at 0x584e0000 of 64 bytes failed: 仅完成部分的 ReadProcessMemory 或 WriteProcessMemory 请求。 (0x12B)
[0307/095241:WARNING:pe_image_reader.cc(280)] could not read dos header from C:\Program Files (x86)\Google\Chrome\Application\51.0.2704.106\chrome_elf.dll
[0307/095241:ERROR:process_reader_win.cc(232)] ReadMemory at 0x73b70000 of 64 bytes failed: 仅完成部分的 ReadProcessMemory 或 WriteProcessMemory 请求。 (0x12B)
[0307/095241:WARNING:pe_image_reader.cc(280)] could not read dos header from C:\WINDOWS\SYSTEM32\WTSAPI32.dll
[0307/095241:ERROR:process_reader_win.cc(232)] ReadMemory at 0x720a0000 of 64 bytes failed: 仅完成部分的 ReadProcessMemory 或 WriteProcessMemory 请求。 (0x12B)
[0307/095241:WARNING:pe_image_reader.cc(280)] could not read dos header from C:\WINDOWS\SYSTEM32\WINHTTP.dll
[0307/095241:ERROR:process_reader_win.cc(232)] ReadMemory at 0x52160000 of 64 bytes failed: 仅完成部分的 ReadProcessMemory 或 WriteProcessMemory 请求。 (0x12B)
[0307/095241:WARNING:pe_image_reader.cc(280)] could not read dos header from C:\WINDOWS\SYSTEM32\ninput.dll
[0307/095241:ERROR:process_reader_win.cc(232)] ReadMemory at 0x74650000 of 64 bytes failed: 仅完成部分的 ReadProcessMemory 或 WriteProcessMemory 请求。 (0x12B)
[0307/095241:WARNING:pe_image_reader.cc(280)] could not read dos header from C:\WINDOWS\System32\PSAPI.DLL
[0307/095241:ERROR:process_reader_win.cc(232)] ReadMemory at 0x76c90000 of 64 bytes failed: 仅完成部分的 ReadProcessMemory 或 WriteProcessMemory 请求。 (0x12B)
[0307/095241:WARNING:pe_image_reader.cc(280)] could not read dos header from C:\WINDOWS\System32\WS2_32.dll
[0307/095241:ERROR:process_reader_win.cc(232)] ReadMemory at 0x73a40000 of 64 bytes failed: 仅完成部分的 ReadProcessMemory 或 WriteProcessMemory 请求。 (0x12B)
[0307/095241:WARNING:pe_image_reader.cc(280)] could not read dos header from C:\WINDOWS\SYSTEM32\NETAPI32.dll
[0307/095241:ERROR:process_reader_win.cc(232)] ReadMemory at 0x6cd00000 of 64 bytes failed: 仅完成部分的 ReadProcessMemory 或 WriteProcessMemory 请求。 (0x12B)
[0307/095241:WARNING:pe_image_reader.cc(280)] could not read dos header from C:\WINDOWS\SYSTEM32\WKSCLI.DLL
[0307/095241:ERROR:process_reader_win.cc(232)] ReadMemory at 0x73580000 of 64 bytes failed: 仅完成部分的 ReadProcessMemory 或 WriteProcessMemory 请求。 (0x12B)
[0307/095241:WARNING:pe_image_reader.cc(280)] could not read dos header from C:\WINDOWS\SYSTEM32\NETUTILS.DLL
[0307/095241:ERROR:process_reader_win.cc(232)] ReadMemory at 0x5d7f0000 of 64 bytes failed: 仅完成部分的 ReadProcessMemory 或 WriteProcessMemory 请求。 (0x12B)
[0307/095241:WARNING:pe_image_reader.cc(280)] could not read dos header from C:\Program Files (x86)\360\360Safe\safemon\safemon.dll
[0307/095241:ERROR:process_reader_win.cc(232)] ReadMemory at 0x53440000 of 64 bytes failed: 仅完成部分的 ReadProcessMemory 或 WriteProcessMemory 请求。 (0x12B)
[0307/095241:WARNING:pe_image_reader.cc(280)] could not read dos header from C:\Program Files (x86)\360\360Safe\safemon\iNetSafe.dll
[0307/095241:ERROR:process_reader_win.cc(232)] ReadMemory at 0x68440000 of 64 bytes failed: 仅完成部分的 ReadProcessMemory 或 WriteProcessMemory 请求。 (0x12B)
[0307/095241:WARNING:pe_image_reader.cc(280)] could not read dos header from C:\WINDOWS\WinSxS\x86_microsoft.windows.common-controls_6595b64144ccf1df_6.0.14393.447_none_89c64d28dafea4b9\COMCTL32.dll
[0307/095241:ERROR:process_reader_win.cc(232)] ReadMemory at 0x769f0000 of 64 bytes failed: 仅完成部分的 ReadProcessMemory 或 WriteProcessMemory 请求。 (0x12B)
[0307/095241:WARNING:pe_image_reader.cc(280)] could not read dos header from C:\WINDOWS\System32\COMDLG32.dll
[0307/095241:ERROR:process_reader_win.cc(232)] ReadMemory at 0x73a10000 of 64 bytes failed: 仅完成部分的 ReadProcessMemory 或 WriteProcessMemory 请求。 (0x12B)
[0307/095241:WARNING:pe_image_reader.cc(280)] could not read dos header from C:\WINDOWS\SYSTEM32\IPHLPAPI.DLL
[0307/095241:ERROR:process_reader_win.cc(232)] ReadMemory at 0x76bb0000 of 64 bytes failed: 仅完成部分的 ReadProcessMemory 或 WriteProcessMemory 请求。 (0x12B)
[0307/095241:WARNING:pe_image_reader.cc(280)] could not read dos header from C:\WINDOWS\System32\USP10.dll
[0307/095241:ERROR:process_reader_win.cc(232)] ReadMemory at 0x75dd0000 of 64 bytes failed: 仅完成部分的 ReadProcessMemory 或 WriteProcessMemory 请求。 (0x12B)
[0307/095241:WARNING:pe_image_reader.cc(280)] could not read dos header from C:\WINDOWS\System32\MSASN1.dll
[0307/095241:ERROR:process_reader_win.cc(232)] ReadMemory at 0x76e20000 of 64 bytes failed: 仅完成部分的 ReadProcessMemory 或 WriteProcessMemory 请求。 (0x12B)
[0307/095241:WARNING:pe_image_reader.cc(280)] could not read dos header from C:\WINDOWS\System32\CRYPT32.dll
[0307/095241:ERROR:process_reader_win.cc(232)] ReadMemory at 0x76b60000 of 64 bytes failed: 仅完成部分的 ReadProcessMemory 或 WriteProcessMemory 请求。 (0x12B)
[0307/095241:WARNING:pe_image_reader.cc(280)] could not read dos header from C:\WINDOWS\System32\WINTRUST.dll
[0307/095241:ERROR:process_reader_win.cc(232)] ReadMemory at 0x736c0000 of 64 bytes failed: 仅完成部分的 ReadProcessMemory 或 WriteProcessMemory 请求。 (0x12B)
[0307/095241:WARNING:pe_image_reader.cc(280)] could not read dos header from C:\WINDOWS\SYSTEM32\Secur32.dll
[0307/095241:ERROR:process_reader_win.cc(232)] ReadMemory at 0xf550000 of 64 bytes failed: 仅完成部分的 ReadProcessMemory 或 WriteProcessMemory 请求。 (0x12B)
[0307/095241:WARNING:pe_image_reader.cc(280)] could not read dos header from C:\Program Files (x86)\Google\Chrome\Application\51.0.2704.106\chrome_child.dll
[0307/095241:ERROR:process_reader_win.cc(232)] ReadMemory at 0x5df50000 of 64 bytes failed: 仅完成部分的 ReadProcessMemory 或 WriteProcessMemory 请求。 (0x12B)
[0307/095241:WARNING:pe_image_reader.cc(280)] could not read dos header from C:\WINDOWS\SYSTEM32\dwrite.dll
[0307/095241:ERROR:process_reader_win.cc(232)] ReadMemory at 0x44c374 of 12 bytes failed: 仅完成部分的 ReadProcessMemory 或 WriteProcessMemory 请求。 (0x12B)
[0307/095241:WARNING:process_snapshot_win.cc(102)] ReadMemory ExceptionInformation failed
[0307/095241:WARNING:crash_report_exception_handler.cc(60)] ProcessSnapshotWin::InitializeException failed
[0307/095241:ERROR:scoped_process_suspend.cc(38)] NtResumeProcess, ntstatus=-1073741558
[0307/095241:ERROR:process_reader_win.cc(141)] SuspendThread: 拒绝访问。 (0x5)
[0307/095241:ERROR:process_reader_win.cc(232)] ReadMemory at 0x521b0000 of 64 bytes failed: 仅完成部分的 ReadProcessMemory 或 WriteProcessMemory 请求。 (0x12B)
[0307/095241:WARNING:pe_image_reader.cc(280)] could not read dos header from C:\WINDOWS\AppPatch\AcGenral.dll
[0307/095241:ERROR:process_reader_win.cc(232)] ReadMemory at 0x5dd00000 of 64 bytes failed: 仅完成部分的 ReadProcessMemory 或 WriteProcessMemory 请求。 (0x12B)
[0307/095241:WARNING:pe_image_reader.cc(280)] could not read dos header from C:\WINDOWS\system32\apphelp.dll
[0307/095241:ERROR:process_reader_win.cc(232)] ReadMemory at 0x73b90000 of 64 bytes failed: 仅完成部分的 ReadProcessMemory 或 WriteProcessMemory 请求。 (0x12B)
[0307/095241:WARNING:pe_image_reader.cc(280)] could not read dos header from C:\WINDOWS\System32\CRYPTBASE.dll
[0307/095241:ERROR:process_reader_win.cc(232)] ReadMemory at 0x73ba0000 of 64 bytes failed: 仅完成部分的 ReadProcessMemory 或 WriteProcessMemory 请求。 (0x12B)
[0307/095241:WARNING:pe_image_reader.cc(280)] could not read dos header from C:\WINDOWS\System32\SspiCli.dll
[0307/095241:ERROR:process_reader_win.cc(232)] ReadMemory at 0x73bf0000 of 64 bytes failed: 仅完成部分的 ReadProcessMemory 或 WriteProcessMemory 请求。 (0x12B)
[0307/095241:WARNING:pe_image_reader.cc(280)] could not read dos header from C:\WINDOWS\System32\combase.dll
[0307/095241:ERROR:process_reader_win.cc(232)] ReadMemory at 0x75f10000 of 64 bytes failed: 仅完成部分的 ReadProcessMemory 或 WriteProcessMemory 请求。 (0x12B)
[0307/095241:WARNING:pe_image_reader.cc(280)] could not read dos header from C:\WINDOWS\System32\win32u.dll
[0307/095241:ERROR:process_reader_win.cc(232)] ReadMemory at 0x74450000 of 64 bytes failed: 仅完成部分的 ReadProcessMemory 或 WriteProcessMemory 请求。 (0x12B)
[0307/095241:WARNING:pe_image_reader.cc(280)] could not read dos header from C:\WINDOWS\System32\gdi32full.dll
[0307/095241:ERROR:process_reader_win.cc(232)] ReadMemory at 0x73bc0000 of 64 bytes failed: 仅完成部分的 ReadProcessMemory 或 WriteProcessMemory 请求。 (0x12B)
[0307/095241:WARNING:pe_image_reader.cc(280)] could not read dos header from C:\WINDOWS\System32\GDI32.dll
[0307/095241:ERROR:process_reader_win.cc(232)] ReadMemory at 0x6eb80000 of 64 bytes failed: 仅完成部分的 ReadProcessMemory 或 WriteProcessMemory 请求。 (0x12B)
[0307/095241:WARNING:pe_image_reader.cc(280)] could not read dos header from C:\WINDOWS\SYSTEM32\UxTheme.dll
[0307/095241:ERROR:process_reader_win.cc(232)] ReadMemory at 0x73710000 of 64 bytes failed: 仅完成部分的 ReadProcessMemory 或 WriteProcessMemory 请求。 (0x12B)
[0307/095241:WARNING:pe_image_reader.cc(280)] could not read dos header from C:\WINDOWS\SYSTEM32\WINMMBASE.dll
[0307/095241:ERROR:process_reader_win.cc(232)] ReadMemory at 0x73740000 of 64 bytes failed: 仅完成部分的 ReadProcessMemory 或 WriteProcessMemory 请求。 (0x12B)
[0307/095241:WARNING:pe_image_reader.cc(280)] could not read dos header from C:\WINDOWS\SYSTEM32\WINMM.dll
[0307/095241:ERROR:process_reader_win.cc(232)] ReadMemory at 0x73590000 of 64 bytes failed: 仅完成部分的 ReadProcessMemory 或 WriteProcessMemory 请求。 (0x12B)
[0307/095241:WARNING:pe_image_reader.cc(280)] could not read dos header from C:\WINDOWS\SYSTEM32\samcli.dll
[0307/095241:ERROR:process_reader_win.cc(232)] ReadMemory at 0x74660000 of 64 bytes failed: 仅完成部分的 ReadProcessMemory 或 WriteProcessMemory 请求。 (0x12B)
[0307/095241:WARNING:pe_image_reader.cc(280)] could not read dos header from C:\WINDOWS\System32\ole32.dll
[0307/095241:ERROR:process_reader_win.cc(232)] ReadMemory at 0x75e90000 of 64 bytes failed: 仅完成部分的 ReadProcessMemory 或 WriteProcessMemory 请求。 (0x12B)
[0307/095241:WARNING:pe_image_reader.cc(280)] could not read dos header from C:\WINDOWS\System32\msvcp_win.dll
[0307/095241:ERROR:process_reader_win.cc(232)] ReadMemory at 0x74750000 of 64 bytes failed: 仅完成部分的 ReadProcessMemory 或 WriteProcessMemory 请求。 (0x12B)
[0307/095241:WARNING:pe_image_reader.cc(280)] could not read dos header from C:\WINDOWS\System32\OLEAUT32.dll
[0307/095241:ERROR:process_reader_win.cc(232)] ReadMemory at 0x76ae0000 of 64 bytes failed: 仅完成部分的 ReadProcessMemory 或 WriteProcessMemory 请求。 (0x12B)
[0307/095241:WARNING:pe_image_reader.cc(280)] could not read dos header from C:\WINDOWS\System32\advapi32.dll
[0307/095241:ERROR:process_reader_win.cc(232)] ReadMemory at 0x69780000 of 64 bytes failed: 仅完成部分的 ReadProcessMemory 或 WriteProcessMemory 请求。 (0x12B)
[0307/095241:WARNING:pe_image_reader.cc(280)] could not read dos header from C:\WINDOWS\SYSTEM32\MSACM32.dll
[0307/095241:ERROR:process_reader_win.cc(232)] ReadMemory at 0x73b80000 of 64 bytes failed: 仅完成部分的 ReadProcessMemory 或 WriteProcessMemory 请求。 (0x12B)
[0307/095241:WARNING:pe_image_reader.cc(280)] could not read dos header from C:\WINDOWS\SYSTEM32\VERSION.dll
[0307/095241:ERROR:process_reader_win.cc(232)] ReadMemory at 0x75e40000 of 64 bytes failed: 仅完成部分的 ReadProcessMemory 或 WriteProcessMemory 请求。 (0x12B)
[0307/095241:WARNING:pe_image_reader.cc(280)] could not read dos header from C:\WINDOWS\System32\powrprof.dll
[0307/095241:ERROR:process_reader_win.cc(232)] ReadMemory at 0x76c80000 of 64 bytes failed: 仅完成部分的 ReadProcessMemory 或 WriteProcessMemory 请求。 (0x12B)
[0307/095241:WARNING:pe_image_reader.cc(280)] could not read dos header from C:\WINDOWS\System32\kernel.appcore.dll
[0307/095241:ERROR:process_reader_win.cc(232)] ReadMemory at 0x76920000 of 64 bytes failed: 仅完成部分的 ReadProcessMemory 或 WriteProcessMemory 请求。 (0x12B)
[0307/095241:WARNING:pe_image_reader.cc(280)] could not read dos header from C:\WINDOWS\System32\shcore.dll
[0307/095241:ERROR:process_reader_win.cc(232)] ReadMemory at 0x76910000 of 64 bytes failed: 仅完成部分的 ReadProcessMemory 或 WriteProcessMemory 请求。 (0x12B)
[0307/095241:WARNING:pe_image_reader.cc(280)] could not read dos header from C:\WINDOWS\System32\profapi.dll
[0307/095241:ERROR:process_reader_win.cc(232)] ReadMemory at 0x760f0000 of 64 bytes failed: 仅完成部分的 ReadProcessMemory 或 WriteProcessMemory 请求。 (0x12B)
[0307/095241:WARNING:pe_image_reader.cc(280)] could not read dos header from C:\WINDOWS\System32\windows.storage.dll
[0307/095241:ERROR:process_reader_win.cc(232)] ReadMemory at 0x74800000 of 64 bytes failed: 仅完成部分的 ReadProcessMemory 或 WriteProcessMemory 请求。 (0x12B)
[0307/095241:WARNING:pe_image_reader.cc(280)] could not read dos header from C:\WINDOWS\System32\SHELL32.dll
[0307/095241:ERROR:process_reader_win.cc(232)] ReadMemory at 0x73b50000 of 64 bytes failed: 仅完成部分的 ReadProcessMemory 或 WriteProcessMemory 请求。 (0x12B)
[0307/095241:WARNING:pe_image_reader.cc(280)] could not read dos header from C:\WINDOWS\SYSTEM32\USERENV.dll
[0307/095241:ERROR:process_reader_win.cc(232)] ReadMemory at 0x6eb60000 of 64 bytes failed: 仅完成部分的 ReadProcessMemory 或 WriteProcessMemory 请求。 (0x12B)
[0307/095241:WARNING:pe_image_reader.cc(280)] could not read dos header from C:\WINDOWS\SYSTEM32\dwmapi.dll
[0307/095241:ERROR:process_reader_win.cc(232)] ReadMemory at 0x69390000 of 64 bytes failed: 仅完成部分的 ReadProcessMemory 或 WriteProcessMemory 请求。 (0x12B)
[0307/095241:WARNING:pe_image_reader.cc(280)] could not read dos header from C:\WINDOWS\SYSTEM32\iertutil.dll
[0307/095241:ERROR:process_reader_win.cc(232)] ReadMemory at 0x691f0000 of 64 bytes failed: 仅完成部分的 ReadProcessMemory 或 WriteProcessMemory 请求。 (0x12B)
[0307/095241:WARNING:pe_image_reader.cc(280)] could not read dos header from C:\WINDOWS\SYSTEM32\urlmon.dll
[0307/095241:ERROR:process_reader_win.cc(232)] ReadMemory at 0x6ecb0000 of 64 bytes failed: 仅完成部分的 ReadProcessMemory 或 WriteProcessMemory 请求。 (0x12B)
[0307/095241:WARNING:pe_image_reader.cc(280)] could not read dos header from C:\WINDOWS\SYSTEM32\bcrypt.dll
[0307/095241:ERROR:process_reader_win.cc(232)] ReadMemory at 0x6a650000 of 64 bytes failed: 仅完成部分的 ReadProcessMemory 或 WriteProcessMemory 请求。 (0x12B)
[0307/095241:WARNING:pe_image_reader.cc(280)] could not read dos header from C:\WINDOWS\SYSTEM32\WINSPOOL.DRV
[0307/095241:ERROR:process_reader_win.cc(232)] ReadMemory at 0x6f930000 of 64 bytes failed: 仅完成部分的 ReadProcessMemory 或 WriteProcessMemory 请求。 (0x12B)
[0307/095241:WARNING:pe_image_reader.cc(280)] could not read dos header from C:\WINDOWS\SYSTEM32\MPR.dll
[0307/095241:ERROR:process_reader_win.cc(232)] ReadMemory at 0x584e0000 of 64 bytes failed: 仅完成部分的 ReadProcessMemory 或 WriteProcessMemory 请求。 (0x12B)
[0307/095241:WARNING:pe_image_reader.cc(280)] could not read dos header from C:\Program Files (x86)\Google\Chrome\Application\51.0.2704.106\chrome_elf.dll
[0307/095241:ERROR:process_reader_win.cc(232)] ReadMemory at 0x73b70000 of 64 bytes failed: 仅完成部分的 ReadProcessMemory 或 WriteProcessMemory 请求。 (0x12B)
[0307/095241:WARNING:pe_image_reader.cc(280)] could not read dos header from C:\WINDOWS\SYSTEM32\WTSAPI32.dll
[0307/095241:ERROR:process_reader_win.cc(232)] ReadMemory at 0x720a0000 of 64 bytes failed: 仅完成部分的 ReadProcessMemory 或 WriteProcessMemory 请求。 (0x12B)
[0307/095241:WARNING:pe_image_reader.cc(280)] could not read dos header from C:\WINDOWS\SYSTEM32\WINHTTP.dll
[0307/095241:ERROR:process_reader_win.cc(232)] ReadMemory at 0x52160000 of 64 bytes failed: 仅完成部分的 ReadProcessMemory 或 WriteProcessMemory 请求。 (0x12B)
[0307/095241:WARNING:pe_image_reader.cc(280)] could not read dos header from C:\WINDOWS\SYSTEM32\ninput.dll
[0307/095241:ERROR:process_reader_win.cc(232)] ReadMemory at 0x74650000 of 64 bytes failed: 仅完成部分的 ReadProcessMemory 或 WriteProcessMemory 请求。 (0x12B)
[0307/095241:WARNING:pe_image_reader.cc(280)] could not read dos header from C:\WINDOWS\System32\PSAPI.DLL
[0307/095241:ERROR:process_reader_win.cc(232)] ReadMemory at 0x76c90000 of 64 bytes failed: 仅完成部分的 ReadProcessMemory 或 WriteProcessMemory 请求。 (0x12B)
[0307/095241:WARNING:pe_image_reader.cc(280)] could not read dos header from C:\WINDOWS\System32\WS2_32.dll
[0307/095241:ERROR:process_reader_win.cc(232)] ReadMemory at 0x73a40000 of 64 bytes failed: 仅完成部分的 ReadProcessMemory 或 WriteProcessMemory 请求。 (0x12B)
[0307/095241:WARNING:pe_image_reader.cc(280)] could not read dos header from C:\WINDOWS\SYSTEM32\NETAPI32.dll
[0307/095241:ERROR:process_reader_win.cc(232)] ReadMemory at 0x6cd00000 of 64 bytes failed: 仅完成部分的 ReadProcessMemory 或 WriteProcessMemory 请求。 (0x12B)
[0307/095241:WARNING:pe_image_reader.cc(280)] could not read dos header from C:\WINDOWS\SYSTEM32\WKSCLI.DLL
[0307/095241:ERROR:process_reader_win.cc(232)] ReadMemory at 0x73580000 of 64 bytes failed: 仅完成部分的 ReadProcessMemory 或 WriteProcessMemory 请求。 (0x12B)
[0307/095241:WARNING:pe_image_reader.cc(280)] could not read dos header from C:\WINDOWS\SYSTEM32\NETUTILS.DLL
[0307/095241:ERROR:process_reader_win.cc(232)] ReadMemory at 0x5d7f0000 of 64 bytes failed: 仅完成部分的 ReadProcessMemory 或 WriteProcessMemory 请求。 (0x12B)
[0307/095241:WARNING:pe_image_reader.cc(280)] could not read dos header from C:\Program Files (x86)\360\360Safe\safemon\safemon.dll
[0307/095241:ERROR:process_reader_win.cc(232)] ReadMemory at 0x53440000 of 64 bytes failed: 仅完成部分的 ReadProcessMemory 或 WriteProcessMemory 请求。 (0x12B)
[0307/095241:WARNING:pe_image_reader.cc(280)] could not read dos header from C:\Program Files (x86)\360\360Safe\safemon\iNetSafe.dll
[0307/095241:ERROR:process_reader_win.cc(232)] ReadMemory at 0x68440000 of 64 bytes failed: 仅完成部分的 ReadProcessMemory 或 WriteProcessMemory 请求。 (0x12B)
[0307/095241:WARNING:pe_image_reader.cc(280)] could not read dos header from C:\WINDOWS\WinSxS\x86_microsoft.windows.common-controls_6595b64144ccf1df_6.0.14393.447_none_89c64d28dafea4b9\COMCTL32.dll
[0307/095241:ERROR:process_reader_win.cc(232)] ReadMemory at 0x769f0000 of 64 bytes failed: 仅完成部分的 ReadProcessMemory 或 WriteProcessMemory 请求。 (0x12B)
[0307/095241:WARNING:pe_image_reader.cc(280)] could not read dos header from C:\WINDOWS\System32\COMDLG32.dll
[0307/095241:ERROR:process_reader_win.cc(232)] ReadMemory at 0x73a10000 of 64 bytes failed: 仅完成部分的 ReadProcessMemory 或 WriteProcessMemory 请求。 (0x12B)
[0307/095241:WARNING:pe_image_reader.cc(280)] could not read dos header from C:\WINDOWS\SYSTEM32\IPHLPAPI.DLL
[0307/095241:ERROR:process_reader_win.cc(232)] ReadMemory at 0x76bb0000 of 64 bytes failed: 仅完成部分的 ReadProcessMemory 或 WriteProcessMemory 请求。 (0x12B)
[0307/095241:WARNING:pe_image_reader.cc(280)] could not read dos header from C:\WINDOWS\System32\USP10.dll
[0307/095241:ERROR:process_reader_win.cc(232)] ReadMemory at 0x75dd0000 of 64 bytes failed: 仅完成部分的 ReadProcessMemory 或 WriteProcessMemory 请求。 (0x12B)
[0307/095241:WARNING:pe_image_reader.cc(280)] could not read dos header from C:\WINDOWS\System32\MSASN1.dll
[0307/095241:ERROR:process_reader_win.cc(232)] ReadMemory at 0x76e20000 of 64 bytes failed: 仅完成部分的 ReadProcessMemory 或 WriteProcessMemory 请求。 (0x12B)
[0307/095241:WARNING:pe_image_reader.cc(280)] could not read dos header from C:\WINDOWS\System32\CRYPT32.dll
[0307/095241:ERROR:process_reader_win.cc(232)] ReadMemory at 0x76b60000 of 64 bytes failed: 仅完成部分的 ReadProcessMemory 或 WriteProcessMemory 请求。 (0x12B)
[0307/095241:WARNING:pe_image_reader.cc(280)] could not read dos header from C:\WINDOWS\System32\WINTRUST.dll
[0307/095241:ERROR:process_reader_win.cc(232)] ReadMemory at 0x736c0000 of 64 bytes failed: 仅完成部分的 ReadProcessMemory 或 WriteProcessMemory 请求。 (0x12B)
[0307/095241:WARNING:pe_image_reader.cc(280)] could not read dos header from C:\WINDOWS\SYSTEM32\Secur32.dll
[0307/095241:ERROR:process_reader_win.cc(232)] ReadMemory at 0xf550000 of 64 bytes failed: 仅完成部分的 ReadProcessMemory 或 WriteProcessMemory 请求。 (0x12B)
[0307/095241:WARNING:pe_image_reader.cc(280)] could not read dos header from C:\Program Files (x86)\Google\Chrome\Application\51.0.2704.106\chrome_child.dll
[0307/095241:ERROR:process_reader_win.cc(232)] ReadMemory at 0x5df50000 of 64 bytes failed: 仅完成部分的 ReadProcessMemory 或 WriteProcessMemory 请求。 (0x12B)
[0307/095241:WARNING:pe_image_reader.cc(280)] could not read dos header from C:\WINDOWS\SYSTEM32\dwrite.dll
[0307/095241:ERROR:process_reader_win.cc(232)] ReadMemory at 0x44c374 of 12 bytes failed: 仅完成部分的 ReadProcessMemory 或 WriteProcessMemory 请求。 (0x12B)
[0307/095241:WARNING:process_snapshot_win.cc(102)] ReadMemory ExceptionInformation failed
[0307/095241:WARNING:crash_report_exception_handler.cc(60)] ProcessSnapshotWin::InitializeException failed
[0307/095241:ERROR:scoped_process_suspend.cc(38)] NtResumeProcess, ntstatus=-1073741558
[0307/095357:ERROR:process_reader_win.cc(141)] SuspendThread: 拒绝访问。 (0x5)
[0307/095358:ERROR:process_reader_win.cc(232)] ReadMemory at 0x521b0000 of 64 bytes failed: 仅完成部分的 ReadProcessMemory 或 WriteProcessMemory 请求。 (0x12B)
[0307/095358:WARNING:pe_image_reader.cc(280)] could not read dos header from C:\WINDOWS\AppPatch\AcGenral.dll
[0307/095358:ERROR:process_reader_win.cc(232)] ReadMemory at 0x5dd00000 of 64 bytes failed: 仅完成部分的 ReadProcessMemory 或 WriteProcessMemory 请求。 (0x12B)
[0307/095358:WARNING:pe_image_reader.cc(280)] could not read dos header from C:\WINDOWS\system32\apphelp.dll
[0307/095358:ERROR:process_reader_win.cc(232)] ReadMemory at 0x73b90000 of 64 bytes failed: 仅完成部分的 ReadProcessMemory 或 WriteProcessMemory 请求。 (0x12B)
[0307/095358:WARNING:pe_image_reader.cc(280)] could not read dos header from C:\WINDOWS\System32\CRYPTBASE.dll
[0307/095358:ERROR:process_reader_win.cc(232)] ReadMemory at 0x73ba0000 of 64 bytes failed: 仅完成部分的 ReadProcessMemory 或 WriteProcessMemory 请求。 (0x12B)
[0307/095358:WARNING:pe_image_reader.cc(280)] could not read dos header from C:\WINDOWS\System32\SspiCli.dll
[0307/095358:ERROR:process_reader_win.cc(232)] ReadMemory at 0x73bf0000 of 64 bytes failed: 仅完成部分的 ReadProcessMemory 或 WriteProcessMemory 请求。 (0x12B)
[0307/095358:WARNING:pe_image_reader.cc(280)] could not read dos header from C:\WINDOWS\System32\combase.dll
[0307/095358:ERROR:process_reader_win.cc(232)] ReadMemory at 0x73bc0000 of 64 bytes failed: 仅完成部分的 ReadProcessMemory 或 WriteProcessMemory 请求。 (0x12B)
[0307/095358:WARNING:pe_image_reader.cc(280)] could not read dos header from C:\WINDOWS\System32\GDI32.dll
[0307/095358:ERROR:process_reader_win.cc(232)] ReadMemory at 0x6eb80000 of 64 bytes failed: 仅完成部分的 ReadProcessMemory 或 WriteProcessMemory 请求。 (0x12B)
[0307/095358:WARNING:pe_image_reader.cc(280)] could not read dos header from C:\WINDOWS\SYSTEM32\UxTheme.dll
[0307/095358:ERROR:process_reader_win.cc(232)] ReadMemory at 0x73710000 of 64 bytes failed: 仅完成部分的 ReadProcessMemory 或 WriteProcessMemory 请求。 (0x12B)
[0307/095358:WARNING:pe_image_reader.cc(280)] could not read dos header from C:\WINDOWS\SYSTEM32\WINMMBASE.dll
[0307/095358:ERROR:process_reader_win.cc(232)] ReadMemory at 0x73740000 of 64 bytes failed: 仅完成部分的 ReadProcessMemory 或 WriteProcessMemory 请求。 (0x12B)
[0307/095358:WARNING:pe_image_reader.cc(280)] could not read dos header from C:\WINDOWS\SYSTEM32\WINMM.dll
[0307/095358:ERROR:process_reader_win.cc(232)] ReadMemory at 0x73590000 of 64 bytes failed: 仅完成部分的 ReadProcessMemory 或 WriteProcessMemory 请求。 (0x12B)
[0307/095358:WARNING:pe_image_reader.cc(280)] could not read dos header from C:\WINDOWS\SYSTEM32\samcli.dll
[0307/095358:ERROR:process_reader_win.cc(232)] ReadMemory at 0x69780000 of 64 bytes failed: 仅完成部分的 ReadProcessMemory 或 WriteProcessMemory 请求。 (0x12B)
[0307/095358:WARNING:pe_image_reader.cc(280)] could not read dos header from C:\WINDOWS\SYSTEM32\MSACM32.dll
[0307/095358:ERROR:process_reader_win.cc(232)] ReadMemory at 0x73b80000 of 64 bytes failed: 仅完成部分的 ReadProcessMemory 或 WriteProcessMemory 请求。 (0x12B)
[0307/095358:WARNING:pe_image_reader.cc(280)] could not read dos header from C:\WINDOWS\SYSTEM32\VERSION.dll
[0307/095358:ERROR:process_reader_win.cc(232)] ReadMemory at 0x73b50000 of 64 bytes failed: 仅完成部分的 ReadProcessMemory 或 WriteProcessMemory 请求。 (0x12B)
[0307/095358:WARNING:pe_image_reader.cc(280)] could not read dos header from C:\WINDOWS\SYSTEM32\USERENV.dll
[0307/095358:ERROR:process_reader_win.cc(232)] ReadMemory at 0x6eb60000 of 64 bytes failed: 仅完成部分的 ReadProcessMemory 或 WriteProcessMemory 请求。 (0x12B)
[0307/095358:WARNING:pe_image_reader.cc(280)] could not read dos header from C:\WINDOWS\SYSTEM32\dwmapi.dll
[0307/095358:ERROR:process_reader_win.cc(232)] ReadMemory at 0x69390000 of 64 bytes failed: 仅完成部分的 ReadProcessMemory 或 WriteProcessMemory 请求。 (0x12B)
[0307/095358:WARNING:pe_image_reader.cc(280)] could not read dos header from C:\WINDOWS\SYSTEM32\iertutil.dll
[0307/095358:ERROR:process_reader_win.cc(232)] ReadMemory at 0x691f0000 of 64 bytes failed: 仅完成部分的 ReadProcessMemory 或 WriteProcessMemory 请求。 (0x12B)
[0307/095358:WARNING:pe_image_reader.cc(280)] could not read dos header from C:\WINDOWS\SYSTEM32\urlmon.dll
[0307/095358:ERROR:process_reader_win.cc(232)] ReadMemory at 0x6ecb0000 of 64 bytes failed: 仅完成部分的 ReadProcessMemory 或 WriteProcessMemory 请求。 (0x12B)
[0307/095358:WARNING:pe_image_reader.cc(280)] could not read dos header from C:\WINDOWS\SYSTEM32\bcrypt.dll
[0307/095358:ERROR:process_reader_win.cc(232)] ReadMemory at 0x6a650000 of 64 bytes failed: 仅完成部分的 ReadProcessMemory 或 WriteProcessMemory 请求。 (0x12B)
[0307/095358:WARNING:pe_image_reader.cc(280)] could not read dos header from C:\WINDOWS\SYSTEM32\WINSPOOL.DRV
[0307/095358:ERROR:process_reader_win.cc(232)] ReadMemory at 0x6f930000 of 64 bytes failed: 仅完成部分的 ReadProcessMemory 或 WriteProcessMemory 请求。 (0x12B)
[0307/095358:WARNING:pe_image_reader.cc(280)] could not read dos header from C:\WINDOWS\SYSTEM32\MPR.dll
[0307/095358:ERROR:process_reader_win.cc(232)] ReadMemory at 0x584e0000 of 64 bytes failed: 仅完成部分的 ReadProcessMemory 或 WriteProcessMemory 请求。 (0x12B)
[0307/095358:WARNING:pe_image_reader.cc(280)] could not read dos header from C:\Program Files (x86)\Google\Chrome\Application\51.0.2704.106\chrome_elf.dll
[0307/095358:ERROR:process_reader_win.cc(232)] ReadMemory at 0x73b70000 of 64 bytes failed: 仅完成部分的 ReadProcessMemory 或 WriteProcessMemory 请求。 (0x12B)
[0307/095358:WARNING:pe_image_reader.cc(280)] could not read dos header from C:\WINDOWS\SYSTEM32\WTSAPI32.dll
[0307/095358:ERROR:process_reader_win.cc(232)] ReadMemory at 0x720a0000 of 64 bytes failed: 仅完成部分的 ReadProcessMemory 或 WriteProcessMemory 请求。 (0x12B)
[0307/095358:WARNING:pe_image_reader.cc(280)] could not read dos header from C:\WINDOWS\SYSTEM32\WINHTTP.dll
[0307/095358:ERROR:process_reader_win.cc(232)] ReadMemory at 0x52160000 of 64 bytes failed: 仅完成部分的 ReadProcessMemory 或 WriteProcessMemory 请求。 (0x12B)
[0307/095358:WARNING:pe_image_reader.cc(280)] could not read dos header from C:\WINDOWS\SYSTEM32\ninput.dll
[0307/095358:ERROR:process_reader_win.cc(232)] ReadMemory at 0x74650000 of 64 bytes failed: 仅完成部分的 ReadProcessMemory 或 WriteProcessMemory 请求。 (0x12B)
[0307/095358:WARNING:pe_image_reader.cc(280)] could not read dos header from C:\WINDOWS\System32\PSAPI.DLL
[0307/095358:ERROR:process_reader_win.cc(232)] ReadMemory at 0x73a40000 of 64 bytes failed: 仅完成部分的 ReadProcessMemory 或 WriteProcessMemory 请求。 (0x12B)
[0307/095358:WARNING:pe_image_reader.cc(280)] could not read dos header from C:\WINDOWS\SYSTEM32\NETAPI32.dll
[0307/095358:ERROR:process_reader_win.cc(232)] ReadMemory at 0x6cd00000 of 64 bytes failed: 仅完成部分的 ReadProcessMemory 或 WriteProcessMemory 请求。 (0x12B)
[0307/095358:WARNING:pe_image_reader.cc(280)] could not read dos header from C:\WINDOWS\SYSTEM32\WKSCLI.DLL
[0307/095358:ERROR:process_reader_win.cc(232)] ReadMemory at 0x73580000 of 64 bytes failed: 仅完成部分的 ReadProcessMemory 或 WriteProcessMemory 请求。 (0x12B)
[0307/095358:WARNING:pe_image_reader.cc(280)] could not read dos header from C:\WINDOWS\SYSTEM32\NETUTILS.DLL
[0307/095358:ERROR:process_reader_win.cc(232)] ReadMemory at 0x5d7f0000 of 64 bytes failed: 仅完成部分的 ReadProcessMemory 或 WriteProcessMemory 请求。 (0x12B)
[0307/095358:WARNING:pe_image_reader.cc(280)] could not read dos header from C:\Program Files (x86)\360\360Safe\safemon\safemon.dll
[0307/095358:ERROR:process_reader_win.cc(232)] ReadMemory at 0x53440000 of 64 bytes failed: 仅完成部分的 ReadProcessMemory 或 WriteProcessMemory 请求。 (0x12B)
[0307/095358:WARNING:pe_image_reader.cc(280)] could not read dos header from C:\Program Files (x86)\360\360Safe\safemon\iNetSafe.dll
[0307/095358:ERROR:process_reader_win.cc(232)] ReadMemory at 0x68440000 of 64 bytes failed: 仅完成部分的 ReadProcessMemory 或 WriteProcessMemory 请求。 (0x12B)
[0307/095358:WARNING:pe_image_reader.cc(280)] could not read dos header from C:\WINDOWS\WinSxS\x86_microsoft.windows.common-controls_6595b64144ccf1df_6.0.14393.447_none_89c64d28dafea4b9\COMCTL32.dll
[0307/095358:ERROR:process_reader_win.cc(232)] ReadMemory at 0x769f0000 of 64 bytes failed: 仅完成部分的 ReadProcessMemory 或 WriteProcessMemory 请求。 (0x12B)
[0307/095358:WARNING:pe_image_reader.cc(280)] could not read dos header from C:\WINDOWS\System32\COMDLG32.dll
[0307/095358:ERROR:process_reader_win.cc(232)] ReadMemory at 0x73a10000 of 64 bytes failed: 仅完成部分的 ReadProcessMemory 或 WriteProcessMemory 请求。 (0x12B)
[0307/095358:WARNING:pe_image_reader.cc(280)] could not read dos header from C:\WINDOWS\SYSTEM32\IPHLPAPI.DLL
[0307/095358:ERROR:process_reader_win.cc(232)] ReadMemory at 0x76bb0000 of 64 bytes failed: 仅完成部分的 ReadProcessMemory 或 WriteProcessMemory 请求。 (0x12B)
[0307/095358:WARNING:pe_image_reader.cc(280)] could not read dos header from C:\WINDOWS\System32\USP10.dll
[0307/095358:ERROR:process_reader_win.cc(232)] ReadMemory at 0x75dd0000 of 64 bytes failed: 仅完成部分的 ReadProcessMemory 或 WriteProcessMemory 请求。 (0x12B)
[0307/095358:WARNING:pe_image_reader.cc(280)] could not read dos header from C:\WINDOWS\System32\MSASN1.dll
[0307/095358:ERROR:process_reader_win.cc(232)] ReadMemory at 0x76e20000 of 64 bytes failed: 仅完成部分的 ReadProcessMemory 或 WriteProcessMemory 请求。 (0x12B)
[0307/095358:WARNING:pe_image_reader.cc(280)] could not read dos header from C:\WINDOWS\System32\CRYPT32.dll
[0307/095358:ERROR:process_reader_win.cc(232)] ReadMemory at 0x76b60000 of 64 bytes failed: 仅完成部分的 ReadProcessMemory 或 WriteProcessMemory 请求。 (0x12B)
[0307/095358:WARNING:pe_image_reader.cc(280)] could not read dos header from C:\WINDOWS\System32\WINTRUST.dll
[0307/095358:ERROR:process_reader_win.cc(232)] ReadMemory at 0x736c0000 of 64 bytes failed: 仅完成部分的 ReadProcessMemory 或 WriteProcessMemory 请求。 (0x12B)
[0307/095358:WARNING:pe_image_reader.cc(280)] could not read dos header from C:\WINDOWS\SYSTEM32\Secur32.dll
[0307/095358:ERROR:process_reader_win.cc(232)] ReadMemory at 0xfbc0000 of 64 bytes failed: 仅完成部分的 ReadProcessMemory 或 WriteProcessMemory 请求。 (0x12B)
[0307/095358:WARNING:pe_image_reader.cc(280)] could not read dos header from C:\Program Files (x86)\Google\Chrome\Application\51.0.2704.106\chrome_child.dll
[0307/095358:ERROR:process_reader_win.cc(232)] ReadMemory at 0x5df50000 of 64 bytes failed: 仅完成部分的 ReadProcessMemory 或 WriteProcessMemory 请求。 (0x12B)
[0307/095358:WARNING:pe_image_reader.cc(280)] could not read dos header from C:\WINDOWS\SYSTEM32\dwrite.dll
[0307/095358:ERROR:process_reader_win.cc(232)] ReadMemory at 0x44c374 of 12 bytes failed: 仅完成部分的 ReadProcessMemory 或 WriteProcessMemory 请求。 (0x12B)
[0307/095358:WARNING:process_snapshot_win.cc(102)] ReadMemory ExceptionInformation failed
[0307/095358:WARNING:crash_report_exception_handler.cc(60)] ProcessSnapshotWin::InitializeException failed
[0307/095358:ERROR:scoped_process_suspend.cc(38)] NtResumeProcess, ntstatus=-1073741558
